build/app/intermediates/manifest_merge_blame_file/debug/manifest-merger-blame-debug-report.txt
1<?xml version="1.0" encoding="utf-8"?>
2<manifest xmlns:android="http://schemas.android.com/apk/res/android"
3    package="com.example.loja_virtual"
4    android:versionCode="1"
5    android:versionName="1.0.0" >
6
7    <uses-sdk
8        android:minSdkVersion="21"
9        android:targetSdkVersion="31" />
10    <!--
11         Flutter needs it to communicate with the running application
12         to allow setting breakpoints, to provide hot reload, etc.
13    -->
14    <uses-permission android:name="android.permission.INTERNET" />
14-->src/debug/AndroidManifest.xml:6:5-66
14-->src/debug/AndroidManifest.xml:6:22-64
15    <uses-permission android:name="android.permission.READ_EXTERNAL_STORAGE" />
15-->src/main/AndroidManifest.xml:4:5-80
15-->src/main/AndroidManifest.xml:4:22-77
16    <uses-permission android:name="android.permission.WRITE_EXTERNAL_STORAGE" />
16-->src/main/AndroidManifest.xml:5:5-80
16-->src/main/AndroidManifest.xml:5:22-78
17    <uses-permission android:name="android.permission.RECORD_AUDIO" />
17-->[:tflite_flutter_helper] AndroidManifest.xml:7:5-71
17-->[:tflite_flutter_helper] AndroidManifest.xml:7:22-68
18    <uses-permission android:name="android.permission.CAMERA" /> <!-- Although the *SdkVersion is captured in gradle build files, this is required for non gradle builds -->
18-->[:camera] AndroidManifest.xml:9:5-65
18-->[:camera] AndroidManifest.xml:9:22-62
19    <!-- <uses-sdk android:minSdkVersion="14"/> -->
20    <uses-permission android:name="android.permission.ACCESS_NETWORK_STATE" />
20-->[com.google.android.datatransport:transport-backend-cct:2.3.3] AndroidManifest.xml:25:5-79
20-->[com.google.android.datatransport:transport-backend-cct:2.3.3] AndroidManifest.xml:25:22-76
21
22    <application
23        android:name="io.flutter.app.FlutterMultiDexApplication"
24        android:appComponentFactory="androidx.core.app.CoreComponentFactory"
24-->[androidx.core:core:1.6.0] AndroidManifest.xml:24:18-86
25        android:debuggable="true"
26        android:icon="@mipmap/ic_launcher"
27        android:label="Image Object Detection" >
28        <activity
29            android:name="com.example.loja_virtual.MainActivity"
30            android:configChanges="orientation|keyboardHidden|keyboard|screenSize|smallestScreenSize|locale|layoutDirection|fontScale|screenLayout|density|uiMode"
31            android:exported="true"
32            android:hardwareAccelerated="true"
33            android:launchMode="singleTop"
34            android:theme="@style/LaunchTheme"
35            android:windowSoftInputMode="adjustResize" >
36            <meta-data
37                android:name="com.google.firebase.ml.vision.DEPENDENCIES"
38                android:value="face" />
39
40            <!--
41                 Specifies an Android theme to apply to this Activity as soon as
42                 the Android process has started. This theme is visible to the user
43                 while the Flutter UI initializes. After that, this theme continues
44                 to determine the Window background behind the Flutter UI.
45            -->
46            <meta-data
47                android:name="io.flutter.embedding.android.NormalTheme"
48                android:resource="@style/NormalTheme" />
49
50            <intent-filter>
51                <action android:name="android.intent.action.MAIN" />
52
53                <category android:name="android.intent.category.LAUNCHER" />
54            </intent-filter>
55        </activity>
56        <!--
57             Don't delete the meta-data below.
58             This is used by the Flutter tool to generate GeneratedPluginRegistrant.java
59        -->
60        <meta-data
61            android:name="flutterEmbedding"
62            android:value="2" />
63
64        <provider
64-->[:image_picker] AndroidManifest.xml:8:9-16:20
65            android:name="io.flutter.plugins.imagepicker.ImagePickerFileProvider"
65-->[:image_picker] AndroidManifest.xml:9:13-82
66            android:authorities="com.example.loja_virtual.flutter.image_provider"
66-->[:image_picker] AndroidManifest.xml:10:13-74
67            android:exported="false"
67-->[:image_picker] AndroidManifest.xml:11:13-37
68            android:grantUriPermissions="true" >
68-->[:image_picker] AndroidManifest.xml:12:13-47
69            <meta-data
69-->[:image_picker] AndroidManifest.xml:13:13-15:75
70                android:name="android.support.FILE_PROVIDER_PATHS"
70-->[:image_picker] AndroidManifest.xml:14:17-67
71                android:resource="@xml/flutter_image_picker_file_paths" />
71-->[:image_picker] AndroidManifest.xml:15:17-72
72        </provider>
73
74        <uses-library
74-->[androidx.window:window:1.0.0-beta04] AndroidManifest.xml:25:9-27:40
75            android:name="androidx.window.extensions"
75-->[androidx.window:window:1.0.0-beta04] AndroidManifest.xml:26:13-54
76            android:required="false" />
76-->[androidx.window:window:1.0.0-beta04] AndroidManifest.xml:27:13-37
77        <uses-library
77-->[androidx.window:window:1.0.0-beta04] AndroidManifest.xml:28:9-30:40
78            android:name="androidx.window.sidecar"
78-->[androidx.window:window:1.0.0-beta04] AndroidManifest.xml:29:13-51
79            android:required="false" />
79-->[androidx.window:window:1.0.0-beta04] AndroidManifest.xml:30:13-37
80
81        <service
81-->[com.google.mlkit:image-labeling:17.0.5] AndroidManifest.xml:8:9-14:19
82            android:name="com.google.mlkit.common.internal.MlKitComponentDiscoveryService"
82-->[com.google.mlkit:image-labeling:17.0.5] AndroidManifest.xml:9:13-91
83            android:directBootAware="true"
83-->[com.google.mlkit:common:17.2.0] AndroidManifest.xml:17:13-43
84            android:exported="false" >
84-->[com.google.mlkit:image-labeling:17.0.5] AndroidManifest.xml:10:13-37
85            <meta-data
85-->[com.google.mlkit:image-labeling:17.0.5] AndroidManifest.xml:11:13-13:85
86                android:name="com.google.firebase.components:com.google.mlkit.vision.label.defaults.internal.BundledLabelRegistrar"
86-->[com.google.mlkit:image-labeling:17.0.5] AndroidManifest.xml:12:17-132
87                android:value="com.google.firebase.components.ComponentRegistrar" />
87-->[com.google.mlkit:image-labeling:17.0.5] AndroidManifest.xml:13:17-82
88            <meta-data
88-->[com.google.mlkit:object-detection:16.2.6] AndroidManifest.xml:11:13-13:85
89                android:name="com.google.firebase.components:com.google.mlkit.vision.objects.defaults.internal.DefaultObjectsRegistrar"
89-->[com.google.mlkit:object-detection:16.2.6] AndroidManifest.xml:12:17-136
90                android:value="com.google.firebase.components.ComponentRegistrar" />
90-->[com.google.mlkit:object-detection:16.2.6] AndroidManifest.xml:13:17-82
91            <meta-data
91-->[com.google.android.gms:play-services-mlkit-text-recognition:16.3.0] AndroidManifest.xml:12:13-14:85
92                android:name="com.google.firebase.components:com.google.mlkit.vision.text.internal.TextRegistrar"
92-->[com.google.android.gms:play-services-mlkit-text-recognition:16.3.0] AndroidManifest.xml:13:17-114
93                android:value="com.google.firebase.components.ComponentRegistrar" />
93-->[com.google.android.gms:play-services-mlkit-text-recognition:16.3.0] AndroidManifest.xml:14:17-82
94            <meta-data
94-->[com.google.android.gms:play-services-mlkit-face-detection:16.2.0] AndroidManifest.xml:12:13-14:85
95                android:name="com.google.firebase.components:com.google.mlkit.vision.face.internal.FaceRegistrar"
95-->[com.google.android.gms:play-services-mlkit-face-detection:16.2.0] AndroidManifest.xml:13:17-114
96                android:value="com.google.firebase.components.ComponentRegistrar" />
96-->[com.google.android.gms:play-services-mlkit-face-detection:16.2.0] AndroidManifest.xml:14:17-82
97            <meta-data
97-->[com.google.android.gms:play-services-mlkit-barcode-scanning:16.2.0] AndroidManifest.xml:12:13-14:85
98                android:name="com.google.firebase.components:com.google.mlkit.vision.barcode.internal.BarcodeRegistrar"
98-->[com.google.android.gms:play-services-mlkit-barcode-scanning:16.2.0] AndroidManifest.xml:13:17-120
99                android:value="com.google.firebase.components.ComponentRegistrar" />
99-->[com.google.android.gms:play-services-mlkit-barcode-scanning:16.2.0] AndroidManifest.xml:14:17-82
100            <meta-data
100-->[com.google.mlkit:vision-internal-vkp:18.1.1] AndroidManifest.xml:11:13-13:85
101                android:name="com.google.firebase.components:com.google.mlkit.vision.vkp.VkpRegistrar"
101-->[com.google.mlkit:vision-internal-vkp:18.1.1] AndroidManifest.xml:12:17-103
102                android:value="com.google.firebase.components.ComponentRegistrar" />
102-->[com.google.mlkit:vision-internal-vkp:18.1.1] AndroidManifest.xml:13:17-82
103            <meta-data
103-->[com.google.mlkit:vision-common:16.5.0] AndroidManifest.xml:12:13-14:85
104                android:name="com.google.firebase.components:com.google.mlkit.vision.common.internal.VisionCommonRegistrar"
104-->[com.google.mlkit:vision-common:16.5.0] AndroidManifest.xml:13:17-124
105                android:value="com.google.firebase.components.ComponentRegistrar" />
105-->[com.google.mlkit:vision-common:16.5.0] AndroidManifest.xml:14:17-82
106            <meta-data
106-->[com.google.mlkit:common:17.2.0] AndroidManifest.xml:20:13-22:85
107                android:name="com.google.firebase.components:com.google.mlkit.common.internal.CommonComponentRegistrar"
107-->[com.google.mlkit:common:17.2.0] AndroidManifest.xml:21:17-120
108                android:value="com.google.firebase.components.ComponentRegistrar" />
108-->[com.google.mlkit:common:17.2.0] AndroidManifest.xml:22:17-82
109        </service>
110
111        <provider
111-->[com.google.mlkit:common:17.2.0] AndroidManifest.xml:9:9-13:38
112            android:name="com.google.mlkit.common.internal.MlKitInitProvider"
112-->[com.google.mlkit:common:17.2.0] AndroidManifest.xml:10:13-78
113            android:authorities="com.example.loja_virtual.mlkitinitprovider"
113-->[com.google.mlkit:common:17.2.0] AndroidManifest.xml:11:13-69
114            android:exported="false"
114-->[com.google.mlkit:common:17.2.0] AndroidManifest.xml:12:13-37
115            android:initOrder="99" />
115-->[com.google.mlkit:common:17.2.0] AndroidManifest.xml:13:13-35
116
117        <service
117-->[com.google.android.datatransport:transport-backend-cct:2.3.3] AndroidManifest.xml:29:9-35:19
118            android:name="com.google.android.datatransport.runtime.backends.TransportBackendDiscovery"
118-->[com.google.android.datatransport:transport-backend-cct:2.3.3] AndroidManifest.xml:30:13-103
119            android:exported="false" >
119-->[com.google.android.datatransport:transport-backend-cct:2.3.3] AndroidManifest.xml:31:13-37
120            <meta-data
120-->[com.google.android.datatransport:transport-backend-cct:2.3.3] AndroidManifest.xml:32:13-34:39
121                android:name="backend:com.google.android.datatransport.cct.CctBackendFactory"
121-->[com.google.android.datatransport:transport-backend-cct:2.3.3] AndroidManifest.xml:33:17-94
122                android:value="cct" />
122-->[com.google.android.datatransport:transport-backend-cct:2.3.3] AndroidManifest.xml:34:17-36
123        </service>
124
125        <activity
125-->[com.google.android.gms:play-services-base:17.6.0] AndroidManifest.xml:23:9-26:75
126            android:name="com.google.android.gms.common.api.GoogleApiActivity"
126-->[com.google.android.gms:play-services-base:17.6.0] AndroidManifest.xml:24:13-79
127            android:exported="false"
127-->[com.google.android.gms:play-services-base:17.6.0] AndroidManifest.xml:25:13-37
128            android:theme="@android:style/Theme.Translucent.NoTitleBar" />
128-->[com.google.android.gms:play-services-base:17.6.0] AndroidManifest.xml:26:13-72
129
130        <meta-data
130-->[com.google.android.gms:play-services-basement:17.6.0] AndroidManifest.xml:23:9-25:69
131            android:name="com.google.android.gms.version"
131-->[com.google.android.gms:play-services-basement:17.6.0] AndroidManifest.xml:24:13-58
132            android:value="@integer/google_play_services_version" />
132-->[com.google.android.gms:play-services-basement:17.6.0] AndroidManifest.xml:25:13-66
133
134        <service
134-->[com.google.android.datatransport:transport-runtime:2.2.6] AndroidManifest.xml:26:9-30:19
135            android:name="com.google.android.datatransport.runtime.scheduling.jobscheduling.JobInfoSchedulerService"
135-->[com.google.android.datatransport:transport-runtime:2.2.6] AndroidManifest.xml:27:13-117
136            android:exported="false"
136-->[com.google.android.datatransport:transport-runtime:2.2.6] AndroidManifest.xml:28:13-37
137            android:permission="android.permission.BIND_JOB_SERVICE" >
137-->[com.google.android.datatransport:transport-runtime:2.2.6] AndroidManifest.xml:29:13-69
138        </service>
139
140        <receiver
140-->[com.google.android.datatransport:transport-runtime:2.2.6] AndroidManifest.xml:32:9-34:40
141            android:name="com.google.android.datatransport.runtime.scheduling.jobscheduling.AlarmManagerSchedulerBroadcastReceiver"
141-->[com.google.android.datatransport:transport-runtime:2.2.6] AndroidManifest.xml:33:13-132
142            android:exported="false" />
142-->[com.google.android.datatransport:transport-runtime:2.2.6] AndroidManifest.xml:34:13-37
143
144        <provider
144-->[androidx.lifecycle:lifecycle-process:2.1.0] AndroidManifest.xml:23:9-27:43
145            android:name="androidx.lifecycle.ProcessLifecycleOwnerInitializer"
145-->[androidx.lifecycle:lifecycle-process:2.1.0] AndroidManifest.xml:24:13-79
146            android:authorities="com.example.loja_virtual.lifecycle-process"
146-->[androidx.lifecycle:lifecycle-process:2.1.0] AndroidManifest.xml:25:13-69
147            android:exported="false"
147-->[androidx.lifecycle:lifecycle-process:2.1.0] AndroidManifest.xml:26:13-37
148            android:multiprocess="true" />
148-->[androidx.lifecycle:lifecycle-process:2.1.0] AndroidManifest.xml:27:13-40
149    </application>
150
151</manifest>